<?xml version="1.0" encoding="UTF-8"?>
<testng-results ignored="0" total="5" passed="5" failed="0" skipped="0">
  <reporter-output>
  </reporter-output>
  <suite started-at="2024-08-07T14:25:40 IST" name="All Test Suite" finished-at="2024-08-07T14:27:02 IST" duration-ms="82749">
    <groups>
    </groups>
    <test started-at="2024-08-07T14:25:40 IST" name="Browser Test-4" finished-at="2024-08-07T14:26:20 IST" duration-ms="40722">
      <class name="parallel_Testing.parallelTest">
        <test-method is-config="true" signature="BasicInitializer()[pri:0, instance:parallel_Testing.parallelTest@1b812421]" started-at="2024-08-07T14:25:40 IST" name="BasicInitializer" finished-at="2024-08-07T14:25:50 IST" duration-ms="10453" status="PASS">
          <reporter-output>
          </reporter-output>
        </test-method> <!-- BasicInitializer -->
        <test-method signature="flipkartSearchFeature()[pri:0, instance:parallel_Testing.parallelTest@1b812421]" started-at="2024-08-07T14:25:50 IST" name="flipkartSearchFeature" finished-at="2024-08-07T14:26:17 IST" duration-ms="26772" status="PASS">
          <reporter-output>
          </reporter-output>
        </test-method> <!-- flipkartSearchFeature -->
        <test-method is-config="true" signature="tearDown()[pri:0, instance:parallel_Testing.parallelTest@1b812421]" started-at="2024-08-07T14:26:17 IST" name="tearDown" finished-at="2024-08-07T14:26:20 IST" duration-ms="2950" status="PASS">
          <reporter-output>
          </reporter-output>
        </test-method> <!-- tearDown -->
      </class> <!-- parallel_Testing.parallelTest -->
    </test> <!-- Browser Test-4 -->
    <test started-at="2024-08-07T14:25:40 IST" name="Browser Test-1" finished-at="2024-08-07T14:26:26 IST" duration-ms="45943">
      <class name="parallel_Testing.parallelTest">
        <test-method is-config="true" signature="BasicInitializer()[pri:0, instance:parallel_Testing.parallelTest@64e92d61]" started-at="2024-08-07T14:25:40 IST" name="BasicInitializer" finished-at="2024-08-07T14:25:52 IST" duration-ms="12537" status="PASS">
          <reporter-output>
          </reporter-output>
        </test-method> <!-- BasicInitializer -->
        <test-method signature="flipkartSearchFeature()[pri:0, instance:parallel_Testing.parallelTest@64e92d61]" started-at="2024-08-07T14:25:52 IST" name="flipkartSearchFeature" finished-at="2024-08-07T14:26:23 IST" duration-ms="30698" status="PASS">
          <reporter-output>
          </reporter-output>
        </test-method> <!-- flipkartSearchFeature -->
        <test-method is-config="true" signature="tearDown()[pri:0, instance:parallel_Testing.parallelTest@64e92d61]" started-at="2024-08-07T14:26:23 IST" name="tearDown" finished-at="2024-08-07T14:26:25 IST" duration-ms="2385" status="PASS">
          <reporter-output>
          </reporter-output>
        </test-method> <!-- tearDown -->
      </class> <!-- parallel_Testing.parallelTest -->
    </test> <!-- Browser Test-1 -->
    <test started-at="2024-08-07T14:25:40 IST" name="Browser Test-3" finished-at="2024-08-07T14:26:32 IST" duration-ms="52032">
      <class name="parallel_Testing.parallelTest">
        <test-method is-config="true" signature="BasicInitializer()[pri:0, instance:parallel_Testing.parallelTest@25cc7470]" started-at="2024-08-07T14:25:40 IST" name="BasicInitializer" finished-at="2024-08-07T14:25:56 IST" duration-ms="16469" status="PASS">
          <reporter-output>
          </reporter-output>
        </test-method> <!-- BasicInitializer -->
        <test-method signature="flipkartSearchFeature()[pri:0, instance:parallel_Testing.parallelTest@25cc7470]" started-at="2024-08-07T14:25:56 IST" name="flipkartSearchFeature" finished-at="2024-08-07T14:26:28 IST" duration-ms="32341" status="PASS">
          <reporter-output>
          </reporter-output>
        </test-method> <!-- flipkartSearchFeature -->
        <test-method is-config="true" signature="tearDown()[pri:0, instance:parallel_Testing.parallelTest@25cc7470]" started-at="2024-08-07T14:26:29 IST" name="tearDown" finished-at="2024-08-07T14:26:32 IST" duration-ms="2817" status="PASS">
          <reporter-output>
          </reporter-output>
        </test-method> <!-- tearDown -->
      </class> <!-- parallel_Testing.parallelTest -->
    </test> <!-- Browser Test-3 -->
    <test started-at="2024-08-07T14:25:40 IST" name="Browser Test-2" finished-at="2024-08-07T14:26:46 IST" duration-ms="66533">
      <class name="parallel_Testing.parallelTest">
        <test-method is-config="true" signature="BasicInitializer()[pri:0, instance:parallel_Testing.parallelTest@4ad4936c]" started-at="2024-08-07T14:25:40 IST" name="BasicInitializer" finished-at="2024-08-07T14:25:50 IST" duration-ms="9920" status="PASS">
          <reporter-output>
          </reporter-output>
        </test-method> <!-- BasicInitializer -->
        <test-method signature="flipkartSearchFeature()[pri:0, instance:parallel_Testing.parallelTest@4ad4936c]" started-at="2024-08-07T14:25:50 IST" name="flipkartSearchFeature" finished-at="2024-08-07T14:26:43 IST" duration-ms="53572" status="PASS">
          <reporter-output>
          </reporter-output>
        </test-method> <!-- flipkartSearchFeature -->
        <test-method is-config="true" signature="tearDown()[pri:0, instance:parallel_Testing.parallelTest@4ad4936c]" started-at="2024-08-07T14:26:43 IST" name="tearDown" finished-at="2024-08-07T14:26:46 IST" duration-ms="2634" status="PASS">
          <reporter-output>
          </reporter-output>
        </test-method> <!-- tearDown -->
      </class> <!-- parallel_Testing.parallelTest -->
    </test> <!-- Browser Test-2 -->
    <test started-at="2024-08-07T14:25:40 IST" name="Browser Test-0" finished-at="2024-08-07T14:27:02 IST" duration-ms="82747">
      <class name="parallel_Testing.parallelTest">
        <test-method is-config="true" signature="BasicInitializer()[pri:0, instance:parallel_Testing.parallelTest@3956b302]" started-at="2024-08-07T14:25:40 IST" name="BasicInitializer" finished-at="2024-08-07T14:25:49 IST" duration-ms="9382" status="PASS">
          <reporter-output>
          </reporter-output>
        </test-method> <!-- BasicInitializer -->
        <test-method signature="flipkartSearchFeature()[pri:0, instance:parallel_Testing.parallelTest@3956b302]" started-at="2024-08-07T14:25:49 IST" name="flipkartSearchFeature" finished-at="2024-08-07T14:27:00 IST" duration-ms="70618" status="PASS">
          <reporter-output>
          </reporter-output>
        </test-method> <!-- flipkartSearchFeature -->
        <test-method is-config="true" signature="tearDown()[pri:0, instance:parallel_Testing.parallelTest@3956b302]" started-at="2024-08-07T14:27:00 IST" name="tearDown" finished-at="2024-08-07T14:27:02 IST" duration-ms="2475" status="PASS">
          <reporter-output>
          </reporter-output>
        </test-method> <!-- tearDown -->
      </class> <!-- parallel_Testing.parallelTest -->
    </test> <!-- Browser Test-0 -->
  </suite> <!-- All Test Suite -->
</testng-results>
